c:\users\user\documents\uni\2 семестър\ооп - практикум\проект\проект\debug\vc141.pdb
c:\users\user\documents\uni\2 семестър\ооп - практикум\проект\проект\debug\vc141.idb
c:\users\user\documents\uni\2 семестър\ооп - практикум\проект\проект\debug\task.obj
c:\users\user\documents\uni\2 семестър\ооп - практикум\проект\проект\debug\createtask.obj
c:\users\user\documents\uni\2 семестър\ооп - практикум\проект\проект\debug\updatetask.obj
c:\users\user\documents\uni\2 семестър\ооп - практикум\проект\проект\debug\searchtask.obj
c:\users\user\documents\uni\2 семестър\ооп - практикум\проект\проект\debug\exittask.obj
c:\users\user\documents\uni\2 семестър\ооп - практикум\проект\проект\debug\deletetask.obj
c:\users\user\documents\uni\2 семестър\ооп - практикум\проект\проект\debug\source.obj
c:\users\user\documents\uni\2 семестър\ооп - практикум\проект\проект\debug\student.obj
c:\users\user\documents\uni\2 семестър\ооп - практикум\проект\debug\проект.exe
c:\users\user\documents\uni\2 семестър\ооп - практикум\проект\debug\проект.ilk
c:\users\user\documents\uni\2 семестър\ооп - практикум\проект\debug\проект.pdb
c:\users\user\documents\uni\2 семестър\ооп - практикум\проект\проект\debug\проект.tlog\cl.command.1.tlog
c:\users\user\documents\uni\2 семестър\ооп - практикум\проект\проект\debug\проект.tlog\cl.read.1.tlog
c:\users\user\documents\uni\2 семестър\ооп - практикум\проект\проект\debug\проект.tlog\cl.write.1.tlog
c:\users\user\documents\uni\2 семестър\ооп - практикум\проект\проект\debug\проект.tlog\link-cvtres.read.1.tlog
c:\users\user\documents\uni\2 семестър\ооп - практикум\проект\проект\debug\проект.tlog\link-cvtres.write.1.tlog
c:\users\user\documents\uni\2 семестър\ооп - практикум\проект\проект\debug\проект.tlog\link-rc.read.1.tlog
c:\users\user\documents\uni\2 семестър\ооп - практикум\проект\проект\debug\проект.tlog\link-rc.write.1.tlog
c:\users\user\documents\uni\2 семестър\ооп - практикум\проект\проект\debug\проект.tlog\link.9148.read.1.tlog
c:\users\user\documents\uni\2 семестър\ооп - практикум\проект\проект\debug\проект.tlog\link.9148.write.1.tlog
c:\users\user\documents\uni\2 семестър\ооп - практикум\проект\проект\debug\проект.tlog\link.command.1.tlog
c:\users\user\documents\uni\2 семестър\ооп - практикум\проект\проект\debug\проект.tlog\link.read.1.tlog
c:\users\user\documents\uni\2 семестър\ооп - практикум\проект\проект\debug\проект.tlog\link.write.1.tlog
